2024-06-13 13:06:01,630 - Log file for this run: C:\BChimgam\projectAI\ai8x-training\logs\2024.06.13-130601\2024.06.13-130601.log
2024-06-13 13:06:01,692 - => loading checkpoint C:/BChimgam/projectAI/ai8x-synthesis/trained/qat_best_cassette_q.pth.tar
2024-06-13 13:06:01,696 - => Checkpoint contents:
+----------------------+-------------+-----------+
| Key                  | Type        | Value     |
|----------------------+-------------+-----------|
| arch                 | str         | ai85cdnet |
| compression_sched    | dict        |           |
| epoch                | int         | 98        |
| extras               | dict        |           |
| optimizer_state_dict | dict        |           |
| optimizer_type       | type        | Adam      |
| state_dict           | OrderedDict |           |
+----------------------+-------------+-----------+

2024-06-13 13:06:01,706 - => Checkpoint['extras'] contents:
+-----------------+--------+---------------+
| Key             | Type   | Value         |
|-----------------+--------+---------------|
| best_epoch      | int    | 98            |
| best_mAP        | int    | 0             |
| best_top1       | float  | 100.0         |
| clipping_method | str    | MAX_BIT_SHIFT |
| current_mAP     | int    | 0             |
| current_top1    | float  | 100.0         |
+-----------------+--------+---------------+

2024-06-13 13:06:01,707 - Loaded compression schedule from checkpoint (epoch 98)
2024-06-13 13:06:01,709 - => loaded 'state_dict' from checkpoint 'C:/BChimgam/projectAI/ai8x-synthesis/trained/qat_best_cassette_q.pth.tar'
2024-06-13 13:06:01,716 - Optimizer Type: <class 'torch.optim.sgd.SGD'>
2024-06-13 13:06:01,717 - Optimizer Args: {'lr': 0.1, 'momentum': 0.9, 'dampening': 0, 'weight_decay': 0.0001, 'nesterov': False}
2024-06-13 13:06:01,796 - Dataset sizes:
	test=725
2024-06-13 13:06:01,796 - --- test ---------------------
2024-06-13 13:06:01,797 - 725 samples (256 per mini-batch)
2024-06-13 13:06:29,956 - Test: [    3/    3]    Loss 0.000167    Top1 100.000000    Top5 100.000000    
2024-06-13 13:06:30,552 - ==> Top1: 100.000    Top5: 100.000    Loss: 0.000

2024-06-13 13:06:30,552 - ==> Confusion:
[[ 89   0   0   0   0   0   0   0   0]
 [  0  77   0   0   0   0   0   0   0]
 [  0   0  77   0   0   0   0   0   0]
 [  0   0   0  97   0   0   0   0   0]
 [  0   0   0   0 112   0   0   0   0]
 [  0   0   0   0   0  10   0   0   0]
 [  0   0   0   0   0   0 100   0   0]
 [  0   0   0   0   0   0   0  79   0]
 [  0   0   0   0   0   0   0   0  84]]

2024-06-13 13:06:30,558 - 
2024-06-13 13:06:30,558 - Log file for this run: C:\BChimgam\projectAI\ai8x-training\logs\2024.06.13-130601\2024.06.13-130601.log
