2024-06-13 12:51:06,112 - Log file for this run: C:\BChimgam\projectAI\ai8x-training\logs\2024.06.13-125106\2024.06.13-125106.log
2024-06-13 12:51:06,206 - => loading checkpoint C:/BChimgam/projectAI/ai8x-synthesis/trained/qat_best_cassette_q.pth.tar
2024-06-13 12:51:06,209 - => Checkpoint contents:
+----------------------+-------------+-----------+
| Key                  | Type        | Value     |
|----------------------+-------------+-----------|
| arch                 | str         | ai85cdnet |
| compression_sched    | dict        |           |
| epoch                | int         | 98        |
| extras               | dict        |           |
| optimizer_state_dict | dict        |           |
| optimizer_type       | type        | Adam      |
| state_dict           | OrderedDict |           |
+----------------------+-------------+-----------+

2024-06-13 12:51:06,210 - => Checkpoint['extras'] contents:
+-----------------+--------+---------------+
| Key             | Type   | Value         |
|-----------------+--------+---------------|
| best_epoch      | int    | 98            |
| best_mAP        | int    | 0             |
| best_top1       | float  | 100.0         |
| clipping_method | str    | MAX_BIT_SHIFT |
| current_mAP     | int    | 0             |
| current_top1    | float  | 100.0         |
+-----------------+--------+---------------+

2024-06-13 12:51:06,212 - Loaded compression schedule from checkpoint (epoch 98)
2024-06-13 12:51:06,220 - => loaded 'state_dict' from checkpoint 'C:/BChimgam/projectAI/ai8x-synthesis/trained/qat_best_cassette_q.pth.tar'
2024-06-13 12:51:06,227 - Optimizer Type: <class 'torch.optim.sgd.SGD'>
2024-06-13 12:51:06,227 - Optimizer Args: {'lr': 0.1, 'momentum': 0.9, 'dampening': 0, 'weight_decay': 0.0001, 'nesterov': False}
2024-06-13 12:51:06,354 - Dataset sizes:
	test=725
2024-06-13 12:51:06,355 - --- test ---------------------
2024-06-13 12:51:06,357 - 725 samples (256 per mini-batch)
2024-06-13 12:51:32,634 - Test: [    3/    3]    Loss 0.000167    Top1 100.000000    Top5 100.000000    
2024-06-13 12:51:33,228 - ==> Top1: 100.000    Top5: 100.000    Loss: 0.000

2024-06-13 12:51:33,229 - ==> Confusion:
[[ 89   0   0   0   0   0   0   0   0]
 [  0  77   0   0   0   0   0   0   0]
 [  0   0  77   0   0   0   0   0   0]
 [  0   0   0  97   0   0   0   0   0]
 [  0   0   0   0 112   0   0   0   0]
 [  0   0   0   0   0  10   0   0   0]
 [  0   0   0   0   0   0 100   0   0]
 [  0   0   0   0   0   0   0  79   0]
 [  0   0   0   0   0   0   0   0  84]]

2024-06-13 12:51:33,235 - 
2024-06-13 12:51:33,237 - Log file for this run: C:\BChimgam\projectAI\ai8x-training\logs\2024.06.13-125106\2024.06.13-125106.log
