2024-05-09 15:06:34,402 - Log file for this run: C:\BChimgam\projectAI\ai8x-training\logs\2024.05.09-150634\2024.05.09-150634.log
2024-05-09 15:06:34,468 - Optimizer Type: <class 'torch.optim.sgd.SGD'>
2024-05-09 15:06:34,468 - Optimizer Args: {'lr': 0.001, 'momentum': 0.9, 'dampening': 0, 'weight_decay': 0.0001, 'nesterov': False}
2024-05-09 15:06:34,596 - Reading compression schedule from: policies/schedule.yaml
2024-05-09 15:06:34,599 - Dataset sizes:
	training=54000
	validation=6000
	test=10000
2024-05-09 15:06:34,599 - 

2024-05-09 15:06:34,601 - Training epoch: 54000 samples (256 per mini-batch)
2024-05-09 15:06:47,779 - Epoch: [0][   10/  211]    Overall Loss 2.311280    Objective Loss 2.311280                                        LR 0.001000    Time 1.317792    
2024-05-09 15:06:52,704 - Epoch: [0][   20/  211]    Overall Loss 2.309903    Objective Loss 2.309903                                        LR 0.001000    Time 0.905039    
2024-05-09 15:06:57,535 - Epoch: [0][   30/  211]    Overall Loss 2.309622    Objective Loss 2.309622                                        LR 0.001000    Time 0.764393    
2024-05-09 15:07:02,462 - Epoch: [0][   40/  211]    Overall Loss 2.308076    Objective Loss 2.308076                                        LR 0.001000    Time 0.696463    
2024-05-09 15:07:07,475 - Epoch: [0][   50/  211]    Overall Loss 2.306001    Objective Loss 2.306001                                        LR 0.001000    Time 0.657429    
2024-05-09 15:07:12,759 - Epoch: [0][   60/  211]    Overall Loss 2.304292    Objective Loss 2.304292                                        LR 0.001000    Time 0.635898    
2024-05-09 15:07:17,913 - Epoch: [0][   70/  211]    Overall Loss 2.302929    Objective Loss 2.302929                                        LR 0.001000    Time 0.618688    
2024-05-09 15:07:23,685 - Epoch: [0][   80/  211]    Overall Loss 2.301654    Objective Loss 2.301654                                        LR 0.001000    Time 0.613492    
2024-05-09 15:07:30,541 - Epoch: [0][   90/  211]    Overall Loss 2.300728    Objective Loss 2.300728                                        LR 0.001000    Time 0.621506    
2024-05-09 15:07:36,545 - Epoch: [0][  100/  211]    Overall Loss 2.300027    Objective Loss 2.300027                                        LR 0.001000    Time 0.619387    
2024-05-09 15:07:42,317 - Epoch: [0][  110/  211]    Overall Loss 2.299376    Objective Loss 2.299376                                        LR 0.001000    Time 0.615535    
2024-05-09 15:07:48,131 - Epoch: [0][  120/  211]    Overall Loss 2.298698    Objective Loss 2.298698                                        LR 0.001000    Time 0.612663    
2024-05-09 15:07:53,628 - Epoch: [0][  130/  211]    Overall Loss 2.297972    Objective Loss 2.297972                                        LR 0.001000    Time 0.607818    
2024-05-09 15:07:59,664 - Epoch: [0][  140/  211]    Overall Loss 2.297293    Objective Loss 2.297293                                        LR 0.001000    Time 0.607516    
2024-05-09 15:08:06,496 - Epoch: [0][  150/  211]    Overall Loss 2.296514    Objective Loss 2.296514                                        LR 0.001000    Time 0.612556    
2024-05-09 15:08:12,363 - Epoch: [0][  160/  211]    Overall Loss 2.295842    Objective Loss 2.295842                                        LR 0.001000    Time 0.610912    
2024-05-09 15:08:18,165 - Epoch: [0][  170/  211]    Overall Loss 2.295021    Objective Loss 2.295021                                        LR 0.001000    Time 0.609106    
2024-05-09 15:08:25,653 - Epoch: [0][  180/  211]    Overall Loss 2.294085    Objective Loss 2.294085                                        LR 0.001000    Time 0.616869    
2024-05-09 15:08:31,944 - Epoch: [0][  190/  211]    Overall Loss 2.293194    Objective Loss 2.293194                                        LR 0.001000    Time 0.617510    
2024-05-09 15:08:38,410 - Epoch: [0][  200/  211]    Overall Loss 2.292434    Objective Loss 2.292434                                        LR 0.001000    Time 0.618959    
2024-05-09 15:08:44,706 - Epoch: [0][  210/  211]    Overall Loss 2.291467    Objective Loss 2.291467    Top1 21.484375    Top5 71.093750    LR 0.001000    Time 0.619460    
2024-05-09 15:08:45,275 - Epoch: [0][  211/  211]    Overall Loss 2.291359    Objective Loss 2.291359    Top1 23.387097    Top5 68.548387    LR 0.001000    Time 0.619221    
2024-05-09 15:08:45,983 - --- validate (epoch=0)-----------
2024-05-09 15:08:45,983 - 6000 samples (256 per mini-batch)
2024-05-09 15:08:59,675 - Epoch: [0][   10/   24]    Loss 2.271852    Top1 20.742187    Top5 66.015625    
2024-05-09 15:09:02,413 - Epoch: [0][   20/   24]    Loss 2.272227    Top1 20.781250    Top5 65.781250    
2024-05-09 15:09:03,273 - Epoch: [0][   24/   24]    Loss 2.272071    Top1 21.000000    Top5 65.750000    
2024-05-09 15:09:03,954 - ==> Top1: 21.000    Top5: 65.750    Loss: 2.272

2024-05-09 15:09:03,955 - ==> Confusion:
[[ 44 160  96 126   4   0 172   0   2   1]
 [  0 660   0  12   1   0  15   0   0   0]
 [ 11 213  51 126   6   0 158   2  14   5]
 [  5 218  30 192  21   0 109   5   1   2]
 [  2 195   6  94  11   0 218   2   3  34]
 [  6 294  18  82  15   0  96   0   6   1]
 [  5 220  30 118   4   0 224   0  19  11]
 [  1 357   6 114  10   0  98   7   1  31]
 [ 17 198  66 162   9   0 110   0  18   4]
 [  4 210  12 143  15   0 163   3  12  53]]

2024-05-09 15:09:03,963 - ==> Best [Top1: 21.000   Top5: 65.750   Sparsity:0.00   Params: 71148 on epoch: 0]
2024-05-09 15:09:03,963 - Saving checkpoint to: logs\2024.05.09-150634\checkpoint.pth.tar
2024-05-09 15:09:03,983 - 

2024-05-09 15:09:03,984 - Training epoch: 54000 samples (256 per mini-batch)
2024-05-09 15:09:24,339 - Epoch: [1][   10/  211]    Overall Loss 2.270453    Objective Loss 2.270453                                        LR 0.001000    Time 2.035513    
2024-05-09 15:09:31,104 - Epoch: [1][   20/  211]    Overall Loss 2.268450    Objective Loss 2.268450                                        LR 0.001000    Time 1.355898    
2024-05-09 15:09:39,214 - Epoch: [1][   30/  211]    Overall Loss 2.267771    Objective Loss 2.267771                                        LR 0.001000    Time 1.174207    
2024-05-09 15:09:47,336 - Epoch: [1][   40/  211]    Overall Loss 2.266478    Objective Loss 2.266478                                        LR 0.001000    Time 1.083683    
2024-05-09 15:09:54,658 - Epoch: [1][   50/  211]    Overall Loss 2.264984    Objective Loss 2.264984                                        LR 0.001000    Time 1.013385    
2024-05-09 15:10:02,377 - Epoch: [1][   60/  211]    Overall Loss 2.262670    Objective Loss 2.262670                                        LR 0.001000    Time 0.973136    
2024-05-09 15:10:10,279 - Epoch: [1][   70/  211]    Overall Loss 2.260444    Objective Loss 2.260444                                        LR 0.001000    Time 0.946989    
2024-05-09 15:10:17,467 - Epoch: [1][   80/  211]    Overall Loss 2.258245    Objective Loss 2.258245                                        LR 0.001000    Time 0.918442    
2024-05-09 15:10:23,609 - Epoch: [1][   90/  211]    Overall Loss 2.256045    Objective Loss 2.256045                                        LR 0.001000    Time 0.884622    
2024-05-09 15:10:29,517 - Epoch: [1][  100/  211]    Overall Loss 2.253538    Objective Loss 2.253538                                        LR 0.001000    Time 0.855237    
2024-05-09 15:10:35,680 - Epoch: [1][  110/  211]    Overall Loss 2.250828    Objective Loss 2.250828                                        LR 0.001000    Time 0.833518    
2024-05-09 15:10:41,696 - Epoch: [1][  120/  211]    Overall Loss 2.247991    Objective Loss 2.247991                                        LR 0.001000    Time 0.814179    
2024-05-09 15:10:47,851 - Epoch: [1][  130/  211]    Overall Loss 2.245796    Objective Loss 2.245796                                        LR 0.001000    Time 0.798892    
2024-05-09 15:10:53,930 - Epoch: [1][  140/  211]    Overall Loss 2.242794    Objective Loss 2.242794                                        LR 0.001000    Time 0.785241    
2024-05-09 15:11:00,045 - Epoch: [1][  150/  211]    Overall Loss 2.239556    Objective Loss 2.239556                                        LR 0.001000    Time 0.773653    
2024-05-09 15:11:06,232 - Epoch: [1][  160/  211]    Overall Loss 2.236634    Objective Loss 2.236634                                        LR 0.001000    Time 0.763969    
2024-05-09 15:11:12,428 - Epoch: [1][  170/  211]    Overall Loss 2.233051    Objective Loss 2.233051                                        LR 0.001000    Time 0.755476    
2024-05-09 15:11:18,664 - Epoch: [1][  180/  211]    Overall Loss 2.230000    Objective Loss 2.230000                                        LR 0.001000    Time 0.748147    
2024-05-09 15:11:24,891 - Epoch: [1][  190/  211]    Overall Loss 2.226556    Objective Loss 2.226556                                        LR 0.001000    Time 0.741548    
2024-05-09 15:11:30,896 - Epoch: [1][  200/  211]    Overall Loss 2.223175    Objective Loss 2.223175                                        LR 0.001000    Time 0.734490    
2024-05-09 15:11:36,884 - Epoch: [1][  210/  211]    Overall Loss 2.219124    Objective Loss 2.219124    Top1 28.515625    Top5 74.609375    LR 0.001000    Time 0.728022    
2024-05-09 15:11:37,418 - Epoch: [1][  211/  211]    Overall Loss 2.218848    Objective Loss 2.218848    Top1 26.008065    Top5 75.403226    LR 0.001000    Time 0.727097    
2024-05-09 15:11:38,070 - --- validate (epoch=1)-----------
2024-05-09 15:11:38,070 - 6000 samples (256 per mini-batch)
2024-05-09 15:11:50,712 - Epoch: [1][   10/   24]    Loss 2.134048    Top1 29.062500    Top5 77.656250    
2024-05-09 15:11:53,169 - Epoch: [1][   20/   24]    Loss 2.134279    Top1 28.281250    Top5 77.382812    
2024-05-09 15:11:54,007 - Epoch: [1][   24/   24]    Loss 2.135305    Top1 28.300000    Top5 77.316667    
2024-05-09 15:11:54,735 - ==> Top1: 28.300    Top5: 77.317    Loss: 2.135

2024-05-09 15:11:54,736 - ==> Confusion:
[[351  76  33  69  15   0  22  11  12  16]
 [  1 680   1   0   0   0   0   5   0   1]
 [180 137  63  82  28   0  35  17  17  27]
 [122 118  23 162  64   0  24  25  17  28]
 [ 44 172  17  20  65   0  80  59   6 102]
 [ 85 177  21  91  48   8  23  17  22  26]
 [ 98 174  75  48  32   0  97  11  33  63]
 [ 31 334   6  47  42   2  14 109   3  37]
 [158  97  51 112  41   0  21  17  60  27]
 [ 50 170   8  69  71   0  83  48  13 103]]

2024-05-09 15:11:54,737 - ==> Best [Top1: 28.300   Top5: 77.317   Sparsity:0.00   Params: 71148 on epoch: 1]
2024-05-09 15:11:54,737 - Saving checkpoint to: logs\2024.05.09-150634\checkpoint.pth.tar
2024-05-09 15:11:54,759 - 

2024-05-09 15:11:54,759 - Training epoch: 54000 samples (256 per mini-batch)
2024-05-09 15:12:12,399 - Epoch: [2][   10/  211]    Overall Loss 2.125217    Objective Loss 2.125217                                        LR 0.001000    Time 1.763875    
2024-05-09 15:12:18,860 - Epoch: [2][   20/  211]    Overall Loss 2.124564    Objective Loss 2.124564                                        LR 0.001000    Time 1.204951    
2024-05-09 15:12:26,191 - Epoch: [2][   30/  211]    Overall Loss 2.122670    Objective Loss 2.122670                                        LR 0.001000    Time 1.047618    
2024-05-09 15:12:32,442 - Epoch: [2][   40/  211]    Overall Loss 2.119112    Objective Loss 2.119112                                        LR 0.001000    Time 0.941992    
2024-05-09 15:12:38,793 - Epoch: [2][   50/  211]    Overall Loss 2.114237    Objective Loss 2.114237                                        LR 0.001000    Time 0.880603    
2024-05-09 15:12:45,130 - Epoch: [2][   60/  211]    Overall Loss 2.108335    Objective Loss 2.108335                                        LR 0.001000    Time 0.839452    
2024-05-09 15:12:51,461 - Epoch: [2][   70/  211]    Overall Loss 2.103623    Objective Loss 2.103623                                        LR 0.001000    Time 0.809945    
2024-05-09 15:12:58,926 - Epoch: [2][   80/  211]    Overall Loss 2.099169    Objective Loss 2.099169                                        LR 0.001000    Time 0.802017    
2024-05-09 15:13:10,310 - Epoch: [2][   90/  211]    Overall Loss 2.094332    Objective Loss 2.094332                                        LR 0.001000    Time 0.839382    
2024-05-09 15:13:17,800 - Epoch: [2][  100/  211]    Overall Loss 2.089562    Objective Loss 2.089562                                        LR 0.001000    Time 0.830331    
2024-05-09 15:13:25,030 - Epoch: [2][  110/  211]    Overall Loss 2.084299    Objective Loss 2.084299                                        LR 0.001000    Time 0.820560    
2024-05-09 15:13:36,060 - Epoch: [2][  120/  211]    Overall Loss 2.078324    Objective Loss 2.078324                                        LR 0.001000    Time 0.844083    
2024-05-09 15:13:47,335 - Epoch: [2][  130/  211]    Overall Loss 2.073819    Objective Loss 2.073819                                        LR 0.001000    Time 0.865887    
2024-05-09 15:13:54,845 - Epoch: [2][  140/  211]    Overall Loss 2.068883    Objective Loss 2.068883                                        LR 0.001000    Time 0.857676    
2024-05-09 15:14:02,257 - Epoch: [2][  150/  211]    Overall Loss 2.064746    Objective Loss 2.064746                                        LR 0.001000    Time 0.849907    
2024-05-09 15:14:11,507 - Epoch: [2][  160/  211]    Overall Loss 2.059965    Objective Loss 2.059965                                        LR 0.001000    Time 0.854595    
2024-05-09 15:14:18,839 - Epoch: [2][  170/  211]    Overall Loss 2.055776    Objective Loss 2.055776                                        LR 0.001000    Time 0.847450    
2024-05-09 15:14:29,128 - Epoch: [2][  180/  211]    Overall Loss 2.051116    Objective Loss 2.051116                                        LR 0.001000    Time 0.857535    
2024-05-09 15:14:36,422 - Epoch: [2][  190/  211]    Overall Loss 2.045762    Objective Loss 2.045762                                        LR 0.001000    Time 0.850792    
2024-05-09 15:14:42,868 - Epoch: [2][  200/  211]    Overall Loss 2.042316    Objective Loss 2.042316                                        LR 0.001000    Time 0.840481    
2024-05-09 15:14:49,278 - Epoch: [2][  210/  211]    Overall Loss 2.038181    Objective Loss 2.038181    Top1 30.468750    Top5 81.640625    LR 0.001000    Time 0.830973    
2024-05-09 15:14:49,912 - Epoch: [2][  211/  211]    Overall Loss 2.037574    Objective Loss 2.037574    Top1 33.266129    Top5 84.274194    LR 0.001000    Time 0.830034    
2024-05-09 15:14:50,566 - --- validate (epoch=2)-----------
2024-05-09 15:14:50,566 - 6000 samples (256 per mini-batch)
2024-05-09 15:15:14,955 - Epoch: [2][   10/   24]    Loss 1.940284    Top1 36.054688    Top5 85.937500    
2024-05-09 15:15:17,658 - Epoch: [2][   20/   24]    Loss 1.940106    Top1 36.757812    Top5 85.683594    
2024-05-09 15:15:18,528 - Epoch: [2][   24/   24]    Loss 1.937475    Top1 37.033333    Top5 85.600000    
2024-05-09 15:15:19,231 - ==> Top1: 37.033    Top5: 85.600    Loss: 1.937

2024-05-09 15:15:19,232 - ==> Confusion:
[[372  10  30 115  16  15   6  10  13  18]
 [  1 650   0   3   6   4   3  17   0   4]
 [ 78  11 123 254  17  10  27   9  19  38]
 [ 80  12  49 310  29   7  16  11  26  43]
 [ 17  49  26  15 114   0 114  59  25 146]
 [ 95  22  47 177  37  29  17  12  37  45]
 [ 46  37 133  68  24   7 150  28  54  84]
 [ 16 100   9  78  69   6  25 203  12 107]
 [138  14  71 172  14  11  25  12  87  40]
 [ 20  29  38  65  89   3  60  71  56 184]]

2024-05-09 15:15:19,234 - ==> Best [Top1: 37.033   Top5: 85.600   Sparsity:0.00   Params: 71148 on epoch: 2]
2024-05-09 15:15:19,234 - Saving checkpoint to: logs\2024.05.09-150634\checkpoint.pth.tar
2024-05-09 15:15:19,257 - 

2024-05-09 15:15:19,258 - Training epoch: 54000 samples (256 per mini-batch)
2024-05-09 15:15:37,213 - Epoch: [3][   10/  211]    Overall Loss 1.940135    Objective Loss 1.940135                                        LR 0.001000    Time 1.795367    
2024-05-09 15:15:44,664 - Epoch: [3][   20/  211]    Overall Loss 1.934425    Objective Loss 1.934425                                        LR 0.001000    Time 1.270230    
2024-05-09 15:15:51,023 - Epoch: [3][   30/  211]    Overall Loss 1.928709    Objective Loss 1.928709                                        LR 0.001000    Time 1.058736    
2024-05-09 15:15:57,624 - Epoch: [3][   40/  211]    Overall Loss 1.920993    Objective Loss 1.920993                                        LR 0.001000    Time 0.959070    
2024-05-09 15:16:04,183 - Epoch: [3][   50/  211]    Overall Loss 1.915328    Objective Loss 1.915328                                        LR 0.001000    Time 0.898423    
2024-05-09 15:16:10,779 - Epoch: [3][   60/  211]    Overall Loss 1.912431    Objective Loss 1.912431                                        LR 0.001000    Time 0.858599    
2024-05-09 15:16:17,751 - Epoch: [3][   70/  211]    Overall Loss 1.910786    Objective Loss 1.910786                                        LR 0.001000    Time 0.835549    
2024-05-09 15:16:24,677 - Epoch: [3][   80/  211]    Overall Loss 1.904091    Objective Loss 1.904091                                        LR 0.001000    Time 0.817666    
2024-05-09 15:16:31,372 - Epoch: [3][   90/  211]    Overall Loss 1.901470    Objective Loss 1.901470                                        LR 0.001000    Time 0.801174    
2024-05-09 15:16:38,010 - Epoch: [3][  100/  211]    Overall Loss 1.896531    Objective Loss 1.896531                                        LR 0.001000    Time 0.787418    
2024-05-09 15:16:45,694 - Epoch: [3][  110/  211]    Overall Loss 1.892214    Objective Loss 1.892214                                        LR 0.001000    Time 0.785690    
2024-05-09 15:16:54,866 - Epoch: [3][  120/  211]    Overall Loss 1.886337    Objective Loss 1.886337                                        LR 0.001000    Time 0.796643    
2024-05-09 15:17:02,066 - Epoch: [3][  130/  211]    Overall Loss 1.882091    Objective Loss 1.882091                                        LR 0.001000    Time 0.790731    
2024-05-09 15:17:09,489 - Epoch: [3][  140/  211]    Overall Loss 1.877487    Objective Loss 1.877487                                        LR 0.001000    Time 0.787266    
2024-05-09 15:17:16,231 - Epoch: [3][  150/  211]    Overall Loss 1.874602    Objective Loss 1.874602                                        LR 0.001000    Time 0.779722    
2024-05-09 15:17:23,265 - Epoch: [3][  160/  211]    Overall Loss 1.870716    Objective Loss 1.870716                                        LR 0.001000    Time 0.774946    
2024-05-09 15:17:30,087 - Epoch: [3][  170/  211]    Overall Loss 1.867727    Objective Loss 1.867727                                        LR 0.001000    Time 0.769487    
2024-05-09 15:17:36,744 - Epoch: [3][  180/  211]    Overall Loss 1.863963    Objective Loss 1.863963                                        LR 0.001000    Time 0.763720    
2024-05-09 15:17:43,881 - Epoch: [3][  190/  211]    Overall Loss 1.859653    Objective Loss 1.859653                                        LR 0.001000    Time 0.761086    
2024-05-09 15:17:50,661 - Epoch: [3][  200/  211]    Overall Loss 1.854149    Objective Loss 1.854149                                        LR 0.001000    Time 0.756913    
2024-05-09 15:17:57,546 - Epoch: [3][  210/  211]    Overall Loss 1.849027    Objective Loss 1.849027    Top1 43.750000    Top5 89.062500    LR 0.001000    Time 0.753655    
2024-05-09 15:17:58,307 - Epoch: [3][  211/  211]    Overall Loss 1.848691    Objective Loss 1.848691    Top1 45.967742    Top5 87.701613    LR 0.001000    Time 0.753691    
2024-05-09 15:17:59,017 - --- validate (epoch=3)-----------
2024-05-09 15:17:59,017 - 6000 samples (256 per mini-batch)
2024-05-09 15:18:14,700 - Epoch: [3][   10/   24]    Loss 1.763857    Top1 45.078125    Top5 89.648438    
2024-05-09 15:18:17,354 - Epoch: [3][   20/   24]    Loss 1.755603    Top1 45.625000    Top5 89.980469    
2024-05-09 15:18:18,321 - Epoch: [3][   24/   24]    Loss 1.748784    Top1 45.716667    Top5 89.816667    
2024-05-09 15:18:19,019 - ==> Top1: 45.717    Top5: 89.817    Loss: 1.749

2024-05-09 15:18:19,020 - ==> Confusion:
[[394  20  45  31  13   9  42  25   6  20]
 [  0 670   1   1   4   0   3   9   0   0]
 [ 62  11 258 120  14   6  47  26   4  38]
 [ 29   7  79 330  31   9  38  20  15  25]
 [  2  50   5   1 144   0 164 116   8  75]
 [ 77  21 105 131  17  28  49  21  24  45]
 [ 31  57  86   3  28   1 299  26  20  80]
 [  6 108   6  18  69   3  23 351   5  36]
 [112  16  74 122  12   6  63  37  97  45]
 [  5  34  29  16  80   3  88 157  31 172]]

2024-05-09 15:18:19,021 - ==> Best [Top1: 45.717   Top5: 89.817   Sparsity:0.00   Params: 71148 on epoch: 3]
2024-05-09 15:18:19,022 - Saving checkpoint to: logs\2024.05.09-150634\checkpoint.pth.tar
2024-05-09 15:18:19,041 - 

2024-05-09 15:18:19,041 - Training epoch: 54000 samples (256 per mini-batch)
2024-05-09 15:18:36,661 - Epoch: [4][   10/  211]    Overall Loss 1.765225    Objective Loss 1.765225                                        LR 0.001000    Time 1.761817    
2024-05-09 15:18:43,260 - Epoch: [4][   20/  211]    Overall Loss 1.759432    Objective Loss 1.759432                                        LR 0.001000    Time 1.210869    
2024-05-09 15:18:49,632 - Epoch: [4][   30/  211]    Overall Loss 1.756738    Objective Loss 1.756738                                        LR 0.001000    Time 1.019634    
2024-05-09 15:18:56,083 - Epoch: [4][   40/  211]    Overall Loss 1.752252    Objective Loss 1.752252                                        LR 0.001000    Time 0.926020    
2024-05-09 15:19:03,135 - Epoch: [4][   50/  211]    Overall Loss 1.746465    Objective Loss 1.746465                                        LR 0.001000    Time 0.881807    
2024-05-09 15:19:09,713 - Epoch: [4][   60/  211]    Overall Loss 1.742628    Objective Loss 1.742628                                        LR 0.001000    Time 0.844480    
2024-05-09 15:19:16,311 - Epoch: [4][   70/  211]    Overall Loss 1.737802    Objective Loss 1.737802                                        LR 0.001000    Time 0.818070    
2024-05-09 15:19:22,923 - Epoch: [4][   80/  211]    Overall Loss 1.733721    Objective Loss 1.733721                                        LR 0.001000    Time 0.798473    
2024-05-09 15:19:29,446 - Epoch: [4][   90/  211]    Overall Loss 1.727783    Objective Loss 1.727783                                        LR 0.001000    Time 0.782231    
2024-05-09 15:19:35,986 - Epoch: [4][  100/  211]    Overall Loss 1.723748    Objective Loss 1.723748                                        LR 0.001000    Time 0.769396    
2024-05-09 15:19:42,514 - Epoch: [4][  110/  211]    Overall Loss 1.718594    Objective Loss 1.718594                                        LR 0.001000    Time 0.758784    
2024-05-09 15:19:53,777 - Epoch: [4][  120/  211]    Overall Loss 1.713656    Objective Loss 1.713656                                        LR 0.001000    Time 0.789410    
2024-05-09 15:20:04,000 - Epoch: [4][  130/  211]    Overall Loss 1.709191    Objective Loss 1.709191                                        LR 0.001000    Time 0.807308    
2024-05-09 15:20:11,037 - Epoch: [4][  140/  211]    Overall Loss 1.705767    Objective Loss 1.705767                                        LR 0.001000    Time 0.799900    
2024-05-09 15:20:18,484 - Epoch: [4][  150/  211]    Overall Loss 1.701923    Objective Loss 1.701923                                        LR 0.001000    Time 0.796218    
2024-05-09 15:20:27,263 - Epoch: [4][  160/  211]    Overall Loss 1.695918    Objective Loss 1.695918                                        LR 0.001000    Time 0.801308    
2024-05-09 15:20:34,444 - Epoch: [4][  170/  211]    Overall Loss 1.692207    Objective Loss 1.692207                                        LR 0.001000    Time 0.796411    
2024-05-09 15:20:40,849 - Epoch: [4][  180/  211]    Overall Loss 1.688846    Objective Loss 1.688846                                        LR 0.001000    Time 0.787745    
2024-05-09 15:20:47,502 - Epoch: [4][  190/  211]    Overall Loss 1.684740    Objective Loss 1.684740                                        LR 0.001000    Time 0.781304    
2024-05-09 15:20:54,040 - Epoch: [4][  200/  211]    Overall Loss 1.680789    Objective Loss 1.680789                                        LR 0.001000    Time 0.774929    
2024-05-09 15:21:00,539 - Epoch: [4][  210/  211]    Overall Loss 1.676789    Objective Loss 1.676789    Top1 48.046875    Top5 90.625000    LR 0.001000    Time 0.768972    
2024-05-09 15:21:01,160 - Epoch: [4][  211/  211]    Overall Loss 1.676609    Objective Loss 1.676609    Top1 50.604839    Top5 89.919355    LR 0.001000    Time 0.768272    
2024-05-09 15:21:01,858 - --- validate (epoch=4)-----------
2024-05-09 15:21:01,858 - 6000 samples (256 per mini-batch)
2024-05-09 15:21:14,960 - Epoch: [4][   10/   24]    Loss 1.570269    Top1 54.062500    Top5 93.125000    
2024-05-09 15:21:17,442 - Epoch: [4][   20/   24]    Loss 1.582649    Top1 53.906250    Top5 92.246094    
2024-05-09 15:21:18,317 - Epoch: [4][   24/   24]    Loss 1.583803    Top1 53.700000    Top5 92.466667    
2024-05-09 15:21:18,991 - ==> Top1: 53.700    Top5: 92.467    Loss: 1.584

2024-05-09 15:21:18,991 - ==> Confusion:
[[375  28  30  36   9  26  59  26   8   8]
 [  0 642   0   3  28   0   6   9   0   0]
 [ 41   2 212 184   9  18  60  23  20  17]
 [  9   1  15 475  15  16  16  15   6  15]
 [  0  21   4   0 239   0 163  83   4  51]
 [ 21   6  17 196   4 168  37  16  28  25]
 [ 30  28  28   9  57  18 401   7  10  43]
 [  5  51   6  34  52  10   8 399   8  52]
 [ 76  10  35 161  20  38  52  22 139  31]
 [ 13  13  11  31  84  20  82 168  21 172]]

2024-05-09 15:21:18,993 - ==> Best [Top1: 53.700   Top5: 92.467   Sparsity:0.00   Params: 71148 on epoch: 4]
2024-05-09 15:21:18,993 - Saving checkpoint to: logs\2024.05.09-150634\checkpoint.pth.tar
2024-05-09 15:21:19,010 - 

2024-05-09 15:21:19,010 - Training epoch: 54000 samples (256 per mini-batch)
2024-05-09 15:21:35,464 - Epoch: [5][   10/  211]    Overall Loss 1.617995    Objective Loss 1.617995                                        LR 0.001000    Time 1.645278    
2024-05-09 15:21:41,799 - Epoch: [5][   20/  211]    Overall Loss 1.613804    Objective Loss 1.613804                                        LR 0.001000    Time 1.139321    
2024-05-09 15:21:49,102 - Epoch: [5][   30/  211]    Overall Loss 1.601225    Objective Loss 1.601225                                        LR 0.001000    Time 1.002985    
2024-05-09 15:21:55,738 - Epoch: [5][   40/  211]    Overall Loss 1.593920    Objective Loss 1.593920                                        LR 0.001000    Time 0.918126    
2024-05-09 15:22:02,654 - Epoch: [5][   50/  211]    Overall Loss 1.585116    Objective Loss 1.585116                                        LR 0.001000    Time 0.872798    
2024-05-09 15:22:09,490 - Epoch: [5][   60/  211]    Overall Loss 1.574819    Objective Loss 1.574819                                        LR 0.001000    Time 0.841249    
2024-05-09 15:22:18,850 - Epoch: [5][   70/  211]    Overall Loss 1.571986    Objective Loss 1.571986                                        LR 0.001000    Time 0.854757    
2024-05-09 15:22:27,498 - Epoch: [5][   80/  211]    Overall Loss 1.563360    Objective Loss 1.563360                                        LR 0.001000    Time 0.855997    
2024-05-09 15:22:33,996 - Epoch: [5][   90/  211]    Overall Loss 1.559497    Objective Loss 1.559497                                        LR 0.001000    Time 0.833078    
2024-05-09 15:22:40,973 - Epoch: [5][  100/  211]    Overall Loss 1.557190    Objective Loss 1.557190                                        LR 0.001000    Time 0.819526    
2024-05-09 15:22:48,677 - Epoch: [5][  110/  211]    Overall Loss 1.552132    Objective Loss 1.552132                                        LR 0.001000    Time 0.815053    
2024-05-09 15:22:56,404 - Epoch: [5][  120/  211]    Overall Loss 1.547908    Objective Loss 1.547908                                        LR 0.001000    Time 0.811510    
2024-05-09 15:23:03,400 - Epoch: [5][  130/  211]    Overall Loss 1.544634    Objective Loss 1.544634                                        LR 0.001000    Time 0.802896    
2024-05-09 15:23:09,985 - Epoch: [5][  140/  211]    Overall Loss 1.538459    Objective Loss 1.538459                                        LR 0.001000    Time 0.792582    
2024-05-09 15:23:16,752 - Epoch: [5][  150/  211]    Overall Loss 1.537302    Objective Loss 1.537302                                        LR 0.001000    Time 0.784854    
2024-05-09 15:23:24,142 - Epoch: [5][  160/  211]    Overall Loss 1.533022    Objective Loss 1.533022                                        LR 0.001000    Time 0.781983    
2024-05-09 15:23:31,098 - Epoch: [5][  170/  211]    Overall Loss 1.527327    Objective Loss 1.527327                                        LR 0.001000    Time 0.776906    
2024-05-09 15:23:37,750 - Epoch: [5][  180/  211]    Overall Loss 1.523493    Objective Loss 1.523493                                        LR 0.001000    Time 0.770691    
2024-05-09 15:23:45,607 - Epoch: [5][  190/  211]    Overall Loss 1.517903    Objective Loss 1.517903                                        LR 0.001000    Time 0.771473    
2024-05-09 15:23:52,541 - Epoch: [5][  200/  211]    Overall Loss 1.513435    Objective Loss 1.513435                                        LR 0.001000    Time 0.767568    
2024-05-09 15:23:59,467 - Epoch: [5][  210/  211]    Overall Loss 1.509789    Objective Loss 1.509789    Top1 53.515625    Top5 95.703125    LR 0.001000    Time 0.763997    
2024-05-09 15:24:00,109 - Epoch: [5][  211/  211]    Overall Loss 1.509849    Objective Loss 1.509849    Top1 53.024194    Top5 92.943548    LR 0.001000    Time 0.763415    
2024-05-09 15:24:00,839 - --- validate (epoch=5)-----------
2024-05-09 15:24:00,839 - 6000 samples (256 per mini-batch)
2024-05-09 15:24:14,511 - Epoch: [5][   10/   24]    Loss 1.411548    Top1 57.851562    Top5 94.531250    
2024-05-09 15:24:17,196 - Epoch: [5][   20/   24]    Loss 1.420366    Top1 58.261719    Top5 93.984375    
2024-05-09 15:24:18,073 - Epoch: [5][   24/   24]    Loss 1.418164    Top1 58.316667    Top5 94.100000    
2024-05-09 15:24:18,754 - ==> Top1: 58.317    Top5: 94.100    Loss: 1.418

2024-05-09 15:24:18,755 - ==> Confusion:
[[412  26   9  41  24  28  29  19   6  11]
 [  0 635   2   2  31   0   5  11   0   2]
 [ 32   2 226 191  13   9  54  19  28  12]
 [  9   1  10 486  11  15  10   8   9  24]
 [  6  26   7   4 290   1 115  49  11  56]
 [ 13   1  15 183   6 226  25  12  25  12]
 [ 45  24  14   6  65  26 397   1  19  34]
 [  3  39   6  50  20   3   3 434   7  60]
 [ 83   7  39 146  13  26  34  15 195  26]
 [ 23  13  11  37  74  26  40 166  27 198]]

2024-05-09 15:24:18,756 - ==> Best [Top1: 58.317   Top5: 94.100   Sparsity:0.00   Params: 71148 on epoch: 5]
2024-05-09 15:24:18,756 - Saving checkpoint to: logs\2024.05.09-150634\checkpoint.pth.tar
2024-05-09 15:24:18,775 - 

2024-05-09 15:24:18,776 - Training epoch: 54000 samples (256 per mini-batch)
2024-05-09 15:24:36,994 - Epoch: [6][   10/  211]    Overall Loss 1.414079    Objective Loss 1.414079                                        LR 0.001000    Time 1.821649    
2024-05-09 15:24:43,779 - Epoch: [6][   20/  211]    Overall Loss 1.418523    Objective Loss 1.418523                                        LR 0.001000    Time 1.250056    
2024-05-09 15:24:50,032 - Epoch: [6][   30/  211]    Overall Loss 1.406465    Objective Loss 1.406465                                        LR 0.001000    Time 1.041788    
2024-05-09 15:24:56,518 - Epoch: [6][   40/  211]    Overall Loss 1.402190    Objective Loss 1.402190                                        LR 0.001000    Time 0.943460    
2024-05-09 15:25:03,140 - Epoch: [6][   50/  211]    Overall Loss 1.396921    Objective Loss 1.396921                                        LR 0.001000    Time 0.887213    
2024-05-09 15:25:09,785 - Epoch: [6][   60/  211]    Overall Loss 1.393603    Objective Loss 1.393603                                        LR 0.001000    Time 0.850090    
2024-05-09 15:25:16,154 - Epoch: [6][   70/  211]    Overall Loss 1.391733    Objective Loss 1.391733                                        LR 0.001000    Time 0.819622    
2024-05-09 15:25:22,470 - Epoch: [6][   80/  211]    Overall Loss 1.387421    Objective Loss 1.387421                                        LR 0.001000    Time 0.796118    
2024-05-09 15:25:29,015 - Epoch: [6][   90/  211]    Overall Loss 1.383345    Objective Loss 1.383345                                        LR 0.001000    Time 0.780390    
2024-05-09 15:25:35,349 - Epoch: [6][  100/  211]    Overall Loss 1.382765    Objective Loss 1.382765                                        LR 0.001000    Time 0.765681    
2024-05-09 15:25:41,624 - Epoch: [6][  110/  211]    Overall Loss 1.377856    Objective Loss 1.377856                                        LR 0.001000    Time 0.753116    
2024-05-09 15:25:48,119 - Epoch: [6][  120/  211]    Overall Loss 1.374070    Objective Loss 1.374070                                        LR 0.001000    Time 0.744478    
2024-05-09 15:25:54,596 - Epoch: [6][  130/  211]    Overall Loss 1.371565    Objective Loss 1.371565                                        LR 0.001000    Time 0.737025    
2024-05-09 15:26:01,427 - Epoch: [6][  140/  211]    Overall Loss 1.367078    Objective Loss 1.367078                                        LR 0.001000    Time 0.733172    
2024-05-09 15:26:08,207 - Epoch: [6][  150/  211]    Overall Loss 1.366401    Objective Loss 1.366401                                        LR 0.001000    Time 0.729488    
2024-05-09 15:26:14,898 - Epoch: [6][  160/  211]    Overall Loss 1.361891    Objective Loss 1.361891                                        LR 0.001000    Time 0.725705    
2024-05-09 15:26:21,668 - Epoch: [6][  170/  211]    Overall Loss 1.359729    Objective Loss 1.359729                                        LR 0.001000    Time 0.722839    
2024-05-09 15:26:28,261 - Epoch: [6][  180/  211]    Overall Loss 1.357313    Objective Loss 1.357313                                        LR 0.001000    Time 0.719303    
2024-05-09 15:26:35,436 - Epoch: [6][  190/  211]    Overall Loss 1.352204    Objective Loss 1.352204                                        LR 0.001000    Time 0.719202    
2024-05-09 15:26:44,445 - Epoch: [6][  200/  211]    Overall Loss 1.347343    Objective Loss 1.347343                                        LR 0.001000    Time 0.728282    
2024-05-09 15:26:53,115 - Epoch: [6][  210/  211]    Overall Loss 1.343487    Objective Loss 1.343487    Top1 56.250000    Top5 95.312500    LR 0.001000    Time 0.734871    
2024-05-09 15:26:53,900 - Epoch: [6][  211/  211]    Overall Loss 1.343049    Objective Loss 1.343049    Top1 60.887097    Top5 95.564516    LR 0.001000    Time 0.735108    
2024-05-09 15:26:54,787 - --- validate (epoch=6)-----------
2024-05-09 15:26:54,787 - 6000 samples (256 per mini-batch)
2024-05-09 15:27:15,667 - Epoch: [6][   10/   24]    Loss 1.266950    Top1 63.867188    Top5 95.351562    
2024-05-09 15:27:19,463 - Epoch: [6][   20/   24]    Loss 1.261087    Top1 64.492188    Top5 95.664062    
2024-05-09 15:27:20,513 - Epoch: [6][   24/   24]    Loss 1.260864    Top1 64.450000    Top5 95.683333    
2024-05-09 15:27:21,236 - ==> Top1: 64.450    Top5: 95.683    Loss: 1.261

2024-05-09 15:27:21,236 - ==> Confusion:
[[435  22  21  28  18  28  25  19   5   4]
 [  1 643   2   1  24   1   5   6   0   5]
 [ 24   1 292 168   9  12  27  15  20  18]
 [  5   1  14 498   4  21   3   9   9  19]
 [  8  10   7   3 367   1  85  34   1  49]
 [ 10   1  14 144   8 294  15   7  10  15]
 [ 33  12  13   5  72  36 428   1  14  17]
 [  0  40  10  35  14   9   3 436   1  77]
 [ 51   7  74 109  16  60  23  17 198  29]
 [ 18   9  13  39  61  30  14 146   9 276]]

2024-05-09 15:27:21,238 - ==> Best [Top1: 64.450   Top5: 95.683   Sparsity:0.00   Params: 71148 on epoch: 6]
2024-05-09 15:27:21,238 - Saving checkpoint to: logs\2024.05.09-150634\checkpoint.pth.tar
2024-05-09 15:27:21,261 - 

2024-05-09 15:27:21,261 - Training epoch: 54000 samples (256 per mini-batch)
2024-05-09 15:27:45,205 - Epoch: [7][   10/  211]    Overall Loss 1.262363    Objective Loss 1.262363                                        LR 0.001000    Time 2.394267    
2024-05-09 15:27:52,668 - Epoch: [7][   20/  211]    Overall Loss 1.260037    Objective Loss 1.260037                                        LR 0.001000    Time 1.570294    
2024-05-09 15:28:00,080 - Epoch: [7][   30/  211]    Overall Loss 1.256490    Objective Loss 1.256490                                        LR 0.001000    Time 1.293877    
2024-05-09 15:28:07,397 - Epoch: [7][   40/  211]    Overall Loss 1.256600    Objective Loss 1.256600                                        LR 0.001000    Time 1.153328    
2024-05-09 15:28:15,179 - Epoch: [7][   50/  211]    Overall Loss 1.252722    Objective Loss 1.252722                                        LR 0.001000    Time 1.078293    
2024-05-09 15:28:22,931 - Epoch: [7][   60/  211]    Overall Loss 1.251774    Objective Loss 1.251774                                        LR 0.001000    Time 1.027771    
2024-05-09 15:28:30,324 - Epoch: [7][   70/  211]    Overall Loss 1.249944    Objective Loss 1.249944                                        LR 0.001000    Time 0.986528    
2024-05-09 15:28:37,578 - Epoch: [7][   80/  211]    Overall Loss 1.242510    Objective Loss 1.242510                                        LR 0.001000    Time 0.953891    
2024-05-09 15:28:44,865 - Epoch: [7][   90/  211]    Overall Loss 1.242352    Objective Loss 1.242352                                        LR 0.001000    Time 0.928836    
2024-05-09 15:28:52,537 - Epoch: [7][  100/  211]    Overall Loss 1.241370    Objective Loss 1.241370                                        LR 0.001000    Time 0.912671    
2024-05-09 15:29:01,451 - Epoch: [7][  110/  211]    Overall Loss 1.237233    Objective Loss 1.237233                                        LR 0.001000    Time 0.910719    
2024-05-09 15:29:13,028 - Epoch: [7][  120/  211]    Overall Loss 1.234382    Objective Loss 1.234382                                        LR 0.001000    Time 0.931299    
2024-05-09 15:29:26,080 - Epoch: [7][  130/  211]    Overall Loss 1.231344    Objective Loss 1.231344                                        LR 0.001000    Time 0.960032    
2024-05-09 15:29:37,554 - Epoch: [7][  140/  211]    Overall Loss 1.226990    Objective Loss 1.226990                                        LR 0.001000    Time 0.973396    
2024-05-09 15:29:46,104 - Epoch: [7][  150/  211]    Overall Loss 1.225540    Objective Loss 1.225540                                        LR 0.001000    Time 0.965505    
2024-05-09 15:29:55,563 - Epoch: [7][  160/  211]    Overall Loss 1.222348    Objective Loss 1.222348                                        LR 0.001000    Time 0.964282    
2024-05-09 15:30:03,653 - Epoch: [7][  170/  211]    Overall Loss 1.218594    Objective Loss 1.218594                                        LR 0.001000    Time 0.955141    
2024-05-09 15:30:11,595 - Epoch: [7][  180/  211]    Overall Loss 1.216541    Objective Loss 1.216541                                        LR 0.001000    Time 0.946191    
2024-05-09 15:30:19,756 - Epoch: [7][  190/  211]    Overall Loss 1.213447    Objective Loss 1.213447                                        LR 0.001000    Time 0.939337    
2024-05-09 15:30:27,765 - Epoch: [7][  200/  211]    Overall Loss 1.209432    Objective Loss 1.209432                                        LR 0.001000    Time 0.932411    
2024-05-09 15:30:34,211 - Epoch: [7][  210/  211]    Overall Loss 1.205931    Objective Loss 1.205931    Top1 66.796875    Top5 94.921875    LR 0.001000    Time 0.918700    
2024-05-09 15:30:34,865 - Epoch: [7][  211/  211]    Overall Loss 1.205673    Objective Loss 1.205673    Top1 65.524194    Top5 96.370968    LR 0.001000    Time 0.917445    
2024-05-09 15:30:35,541 - --- validate (epoch=7)-----------
2024-05-09 15:30:35,542 - 6000 samples (256 per mini-batch)
2024-05-09 15:30:59,385 - Epoch: [7][   10/   24]    Loss 1.130359    Top1 69.609375    Top5 95.937500    
2024-05-09 15:31:02,053 - Epoch: [7][   20/   24]    Loss 1.141165    Top1 68.984375    Top5 96.132812    
2024-05-09 15:31:02,964 - Epoch: [7][   24/   24]    Loss 1.135184    Top1 69.500000    Top5 96.100000    
2024-05-09 15:31:03,628 - ==> Top1: 69.500    Top5: 96.100    Loss: 1.135

2024-05-09 15:31:03,629 - ==> Confusion:
[[467  10   7  23  19  25  21  23   8   2]
 [  1 649   2   1  14   0  10   8   0   3]
 [ 21   1 332 125  10  22  21  22  24   8]
 [  4   0  22 478   9  31   0  12  13  14]
 [  9  14   7   4 384   2  72  21   8  44]
 [ 10   2  15  77   4 343  14   7  29  17]
 [ 32  14   8   2  44  42 462   0  16  11]
 [  1  32   8  34   5   8   1 470   3  63]
 [ 47   4  70  50  14  55  28  13 283  20]
 [ 20   7  12  21  45  40  17 133  18 302]]

2024-05-09 15:31:03,630 - ==> Best [Top1: 69.500   Top5: 96.100   Sparsity:0.00   Params: 71148 on epoch: 7]
2024-05-09 15:31:03,631 - Saving checkpoint to: logs\2024.05.09-150634\checkpoint.pth.tar
2024-05-09 15:31:03,649 - 

2024-05-09 15:31:03,649 - Training epoch: 54000 samples (256 per mini-batch)
2024-05-09 15:31:20,508 - Epoch: [8][   10/  211]    Overall Loss 1.148456    Objective Loss 1.148456                                        LR 0.001000    Time 1.685710    
2024-05-09 15:31:26,907 - Epoch: [8][   20/  211]    Overall Loss 1.141763    Objective Loss 1.141763                                        LR 0.001000    Time 1.162728    
2024-05-09 15:31:33,566 - Epoch: [8][   30/  211]    Overall Loss 1.150518    Objective Loss 1.150518                                        LR 0.001000    Time 0.997116    
2024-05-09 15:31:41,800 - Epoch: [8][   40/  211]    Overall Loss 1.152337    Objective Loss 1.152337                                        LR 0.001000    Time 0.953666    
2024-05-09 15:31:48,463 - Epoch: [8][   50/  211]    Overall Loss 1.147575    Objective Loss 1.147575                                        LR 0.001000    Time 0.896182    
2024-05-09 15:31:54,861 - Epoch: [8][   60/  211]    Overall Loss 1.143798    Objective Loss 1.143798                                        LR 0.001000    Time 0.853429    
2024-05-09 15:32:01,390 - Epoch: [8][   70/  211]    Overall Loss 1.138024    Objective Loss 1.138024                                        LR 0.001000    Time 0.824781    
2024-05-09 15:32:08,333 - Epoch: [8][   80/  211]    Overall Loss 1.132358    Objective Loss 1.132358                                        LR 0.001000    Time 0.808458    
2024-05-09 15:32:14,852 - Epoch: [8][   90/  211]    Overall Loss 1.129357    Objective Loss 1.129357                                        LR 0.001000    Time 0.791057    
2024-05-09 15:32:21,910 - Epoch: [8][  100/  211]    Overall Loss 1.128546    Objective Loss 1.128546                                        LR 0.001000    Time 0.782527    
2024-05-09 15:32:28,305 - Epoch: [8][  110/  211]    Overall Loss 1.123983    Objective Loss 1.123983                                        LR 0.001000    Time 0.769520    
2024-05-09 15:32:34,989 - Epoch: [8][  120/  211]    Overall Loss 1.121548    Objective Loss 1.121548                                        LR 0.001000    Time 0.761094    
2024-05-09 15:32:41,367 - Epoch: [8][  130/  211]    Overall Loss 1.119579    Objective Loss 1.119579                                        LR 0.001000    Time 0.751603    
2024-05-09 15:32:47,702 - Epoch: [8][  140/  211]    Overall Loss 1.115001    Objective Loss 1.115001                                        LR 0.001000    Time 0.743155    
2024-05-09 15:32:53,986 - Epoch: [8][  150/  211]    Overall Loss 1.114691    Objective Loss 1.114691                                        LR 0.001000    Time 0.735507    
2024-05-09 15:33:01,029 - Epoch: [8][  160/  211]    Overall Loss 1.111674    Objective Loss 1.111674                                        LR 0.001000    Time 0.733549    
2024-05-09 15:33:07,711 - Epoch: [8][  170/  211]    Overall Loss 1.110561    Objective Loss 1.110561                                        LR 0.001000    Time 0.729699    
2024-05-09 15:33:14,207 - Epoch: [8][  180/  211]    Overall Loss 1.107070    Objective Loss 1.107070                                        LR 0.001000    Time 0.725246    
2024-05-09 15:33:21,571 - Epoch: [8][  190/  211]    Overall Loss 1.103362    Objective Loss 1.103362                                        LR 0.001000    Time 0.725827    
2024-05-09 15:33:28,649 - Epoch: [8][  200/  211]    Overall Loss 1.099551    Objective Loss 1.099551                                        LR 0.001000    Time 0.724918    
2024-05-09 15:33:35,944 - Epoch: [8][  210/  211]    Overall Loss 1.095028    Objective Loss 1.095028    Top1 68.359375    Top5 98.437500    LR 0.001000    Time 0.725136    
2024-05-09 15:33:36,710 - Epoch: [8][  211/  211]    Overall Loss 1.094653    Objective Loss 1.094653    Top1 70.161290    Top5 97.983871    LR 0.001000    Time 0.725322    
2024-05-09 15:33:37,481 - --- validate (epoch=8)-----------
2024-05-09 15:33:37,481 - 6000 samples (256 per mini-batch)
2024-05-09 15:33:52,337 - Epoch: [8][   10/   24]    Loss 1.034617    Top1 72.539062    Top5 96.367188    
2024-05-09 15:33:54,936 - Epoch: [8][   20/   24]    Loss 1.032929    Top1 72.480469    Top5 96.738281    
2024-05-09 15:33:55,839 - Epoch: [8][   24/   24]    Loss 1.030906    Top1 72.366667    Top5 96.750000    
2024-05-09 15:33:56,545 - ==> Top1: 72.367    Top5: 96.750    Loss: 1.031

2024-05-09 15:33:56,546 - ==> Confusion:
[[474   7   8  18   9  36  18  21  12   2]
 [  0 656   2   2  14   1   5   6   0   2]
 [ 21   3 346 105  16  19  36  13  18   9]
 [  4   0  18 472   7  43   1  12  12  14]
 [  9  12  13   1 402   5  74  26   4  19]
 [ 10   3   6  64  10 367  21   6  21  10]
 [ 16  19   3   2  39  40 481   0  30   1]
 [  0  29  12  26  15   7   0 484   4  48]
 [ 34   6  62  27  18  50  27  11 329  20]
 [ 20  11  10  15  52  23  17 120  16 331]]

2024-05-09 15:33:56,548 - ==> Best [Top1: 72.367   Top5: 96.750   Sparsity:0.00   Params: 71148 on epoch: 8]
2024-05-09 15:33:56,549 - Saving checkpoint to: logs\2024.05.09-150634\checkpoint.pth.tar
2024-05-09 15:33:56,567 - 

2024-05-09 15:33:56,567 - Training epoch: 54000 samples (256 per mini-batch)
2024-05-09 15:34:15,390 - Epoch: [9][   10/  211]    Overall Loss 1.056122    Objective Loss 1.056122                                        LR 0.001000    Time 1.881820    
2024-05-09 15:34:22,200 - Epoch: [9][   20/  211]    Overall Loss 1.043496    Objective Loss 1.043496                                        LR 0.001000    Time 1.281451    
2024-05-09 15:34:30,693 - Epoch: [9][   30/  211]    Overall Loss 1.041139    Objective Loss 1.041139                                        LR 0.001000    Time 1.137386    
2024-05-09 15:34:37,831 - Epoch: [9][   40/  211]    Overall Loss 1.035463    Objective Loss 1.035463                                        LR 0.001000    Time 1.031475    
2024-05-09 15:34:44,711 - Epoch: [9][   50/  211]    Overall Loss 1.025604    Objective Loss 1.025604                                        LR 0.001000    Time 0.962777    
2024-05-09 15:34:51,983 - Epoch: [9][   60/  211]    Overall Loss 1.022629    Objective Loss 1.022629                                        LR 0.001000    Time 0.923472    
2024-05-09 15:34:58,924 - Epoch: [9][   70/  211]    Overall Loss 1.022032    Objective Loss 1.022032                                        LR 0.001000    Time 0.890705    
2024-05-09 15:35:08,395 - Epoch: [9][   80/  211]    Overall Loss 1.016984    Objective Loss 1.016984                                        LR 0.001000    Time 0.897735    
2024-05-09 15:35:18,450 - Epoch: [9][   90/  211]    Overall Loss 1.016915    Objective Loss 1.016915                                        LR 0.001000    Time 0.909704    
2024-05-09 15:35:25,940 - Epoch: [9][  100/  211]    Overall Loss 1.015984    Objective Loss 1.015984                                        LR 0.001000    Time 0.893614    
2024-05-09 15:35:32,463 - Epoch: [9][  110/  211]    Overall Loss 1.013638    Objective Loss 1.013638                                        LR 0.001000    Time 0.871668    
2024-05-09 15:35:39,230 - Epoch: [9][  120/  211]    Overall Loss 1.011960    Objective Loss 1.011960                                        LR 0.001000    Time 0.855426    
2024-05-09 15:35:45,675 - Epoch: [9][  130/  211]    Overall Loss 1.009805    Objective Loss 1.009805                                        LR 0.001000    Time 0.839186    
2024-05-09 15:35:52,097 - Epoch: [9][  140/  211]    Overall Loss 1.005566    Objective Loss 1.005566                                        LR 0.001000    Time 0.825118    
2024-05-09 15:35:58,416 - Epoch: [9][  150/  211]    Overall Loss 1.004659    Objective Loss 1.004659                                        LR 0.001000    Time 0.812237    
2024-05-09 15:36:05,029 - Epoch: [9][  160/  211]    Overall Loss 1.000806    Objective Loss 1.000806                                        LR 0.001000    Time 0.802800    
2024-05-09 15:36:11,626 - Epoch: [9][  170/  211]    Overall Loss 0.998483    Objective Loss 0.998483                                        LR 0.001000    Time 0.794378    
2024-05-09 15:36:18,125 - Epoch: [9][  180/  211]    Overall Loss 0.996891    Objective Loss 0.996891                                        LR 0.001000    Time 0.786349    
2024-05-09 15:36:24,942 - Epoch: [9][  190/  211]    Overall Loss 0.992864    Objective Loss 0.992864                                        LR 0.001000    Time 0.780844    
2024-05-09 15:36:31,339 - Epoch: [9][  200/  211]    Overall Loss 0.991089    Objective Loss 0.991089                                        LR 0.001000    Time 0.773780    
2024-05-09 15:36:37,857 - Epoch: [9][  210/  211]    Overall Loss 0.988986    Objective Loss 0.988986    Top1 69.921875    Top5 95.312500    LR 0.001000    Time 0.767969    
2024-05-09 15:36:38,436 - Epoch: [9][  211/  211]    Overall Loss 0.988727    Objective Loss 0.988727    Top1 73.991935    Top5 96.370968    LR 0.001000    Time 0.767070    
2024-05-09 15:36:39,113 - --- validate (epoch=9)-----------
2024-05-09 15:36:39,114 - 6000 samples (256 per mini-batch)
2024-05-09 15:36:52,120 - Epoch: [9][   10/   24]    Loss 0.939893    Top1 76.132812    Top5 97.148438    
2024-05-09 15:36:54,630 - Epoch: [9][   20/   24]    Loss 0.929033    Top1 75.957031    Top5 97.460938    
2024-05-09 15:36:55,584 - Epoch: [9][   24/   24]    Loss 0.930222    Top1 75.833333    Top5 97.533333    
2024-05-09 15:36:56,266 - ==> Top1: 75.833    Top5: 97.533    Loss: 0.930

2024-05-09 15:36:56,267 - ==> Confusion:
[[450  15   7  16  17  32  29  18  19   2]
 [  0 657   1   4  10   0   7   7   0   2]
 [ 14   2 364  87  13  16  33  21  27   9]
 [  2   0  16 486   5  26   3  11  18  16]
 [  9  14   7   1 448   2  48  21   1  14]
 [ 10   2   5  47   4 378  22   6  31  13]
 [ 13  11   4   3  36  20 514   0  24   6]
 [  1  24  10  32   7   6   0 496   3  46]
 [ 30   8  35  14  12  32  30   9 392  22]
 [ 21   9   7  16  50  14  10 110  13 365]]

2024-05-09 15:36:56,268 - ==> Best [Top1: 75.833   Top5: 97.533   Sparsity:0.00   Params: 71148 on epoch: 9]
2024-05-09 15:36:56,269 - Saving checkpoint to: logs\2024.05.09-150634\checkpoint.pth.tar
2024-05-09 15:36:56,288 - --- test ---------------------
2024-05-09 15:36:56,288 - 10000 samples (256 per mini-batch)
2024-05-09 15:37:10,083 - Test: [   10/   40]    Loss 0.558524    Top1 91.171875    Top5 99.375000    
2024-05-09 15:37:12,980 - Test: [   20/   40]    Loss 0.550384    Top1 91.445312    Top5 99.355469    
2024-05-09 15:37:15,673 - Test: [   30/   40]    Loss 0.555433    Top1 90.846354    Top5 99.309896    
2024-05-09 15:37:18,908 - Test: [   40/   40]    Loss 0.558017    Top1 90.940000    Top5 99.380000    
2024-05-09 15:37:19,725 - ==> Top1: 90.940    Top5: 99.380    Loss: 0.558

2024-05-09 15:37:19,726 - ==> Confusion:
[[ 937    5    2    0    0   23    9    2    0    2]
 [   0 1120    4    0    1    0    7    2    0    1]
 [  17    0  907   54    8    1   28    8    7    2]
 [   0    0    4  957    2    9    0   20    7   11]
 [   0    3    0    0  923    0   44    1    0   11]
 [  15    3    1   46    6  780    5    4   21   11]
 [  25    5    0    0    9    7  905    0    7    0]
 [   3    9   21   25    1    0    0  948    0   21]
 [  27    3   20   10   19   25   28   13  800   29]
 [  33    6    1   12   39    6    0   84   11  817]]

2024-05-09 15:37:19,739 - 
2024-05-09 15:37:19,740 - Log file for this run: C:\BChimgam\projectAI\ai8x-training\logs\2024.05.09-150634\2024.05.09-150634.log
