2024-06-13 11:55:09,471 - Log file for this run: C:\BChimgam\projectAI\ai8x-training\logs\2024.06.13-115509\2024.06.13-115509.log
2024-06-13 11:55:09,506 - => loading checkpoint C:/BChimgam/projectAI/ai8x-training/logs/2024.06.06-144451/qat_checkpoint.pth.tar
2024-06-13 11:55:09,510 - => Checkpoint contents:
+----------------------+-------------+-----------+
| Key                  | Type        | Value     |
|----------------------+-------------+-----------|
| arch                 | str         | ai85cdnet |
| compression_sched    | dict        |           |
| epoch                | int         | 99        |
| extras               | dict        |           |
| optimizer_state_dict | dict        |           |
| optimizer_type       | type        | Adam      |
| state_dict           | OrderedDict |           |
+----------------------+-------------+-----------+

2024-06-13 11:55:09,511 - => Checkpoint['extras'] contents:
+--------------+--------+---------+
| Key          | Type   |   Value |
|--------------+--------+---------|
| best_epoch   | int    |  98     |
| best_mAP     | int    |   0     |
| best_top1    | float  | 100     |
| current_mAP  | int    |   0     |
| current_top1 | float  |  99.954 |
+--------------+--------+---------+

2024-06-13 11:55:09,512 - Loaded compression schedule from checkpoint (epoch 99)
2024-06-13 11:55:09,521 - => loaded 'state_dict' from checkpoint 'C:/BChimgam/projectAI/ai8x-training/logs/2024.06.06-144451/qat_checkpoint.pth.tar'
2024-06-13 11:55:09,529 - Optimizer Type: <class 'torch.optim.sgd.SGD'>
2024-06-13 11:55:09,532 - Optimizer Args: {'lr': 0.1, 'momentum': 0.9, 'dampening': 0, 'weight_decay': 0.0001, 'nesterov': False}
2024-06-13 11:55:09,597 - Dataset sizes:
	test=725
2024-06-13 11:55:09,597 - --- test ---------------------
2024-06-13 11:55:09,599 - 725 samples (256 per mini-batch)
2024-06-13 11:55:34,521 - Test: [    3/    3]    Loss 2.197227    Top1 12.275862    Top5 62.344828    
2024-06-13 11:55:35,165 - ==> Top1: 12.276    Top5: 62.345    Loss: 2.197

2024-06-13 11:55:35,165 - ==> Confusion:
[[ 89   0   0   0   0   0   0   0   0]
 [ 77   0   0   0   0   0   0   0   0]
 [ 77   0   0   0   0   0   0   0   0]
 [ 97   0   0   0   0   0   0   0   0]
 [112   0   0   0   0   0   0   0   0]
 [ 10   0   0   0   0   0   0   0   0]
 [100   0   0   0   0   0   0   0   0]
 [ 79   0   0   0   0   0   0   0   0]
 [ 84   0   0   0   0   0   0   0   0]]

2024-06-13 11:55:35,171 - 
2024-06-13 11:55:35,172 - Log file for this run: C:\BChimgam\projectAI\ai8x-training\logs\2024.06.13-115509\2024.06.13-115509.log
