2024-05-13 11:54:20,446 - Log file for this run: C:\BChimgam\projectAI\ai8x-training\logs\2024.05.13-115420\2024.05.13-115420.log
2024-05-13 11:54:20,586 - Optimizer Type: <class 'torch.optim.sgd.SGD'>
2024-05-13 11:54:20,587 - Optimizer Args: {'lr': 0.1, 'momentum': 0.9, 'dampening': 0, 'weight_decay': 0.0001, 'nesterov': False}
2024-05-13 11:54:20,772 - Reading compression schedule from: policies/schedule.yaml
2024-05-13 11:54:20,783 - Dataset sizes:
	training=54000
	validation=6000
	test=10000
2024-05-13 11:54:20,784 - 

2024-05-13 11:54:20,784 - Training epoch: 54000 samples (256 per mini-batch)
2024-05-13 11:54:35,061 - Epoch: [0][   10/  211]    Overall Loss 2.298564    Objective Loss 2.298564                                        LR 0.100000    Time 1.427574    
2024-05-13 11:54:40,915 - Epoch: [0][   20/  211]    Overall Loss 2.265719    Objective Loss 2.265719                                        LR 0.100000    Time 1.006472    
2024-05-13 11:54:46,705 - Epoch: [0][   30/  211]    Overall Loss 2.199830    Objective Loss 2.199830                                        LR 0.100000    Time 0.863960    
2024-05-13 11:54:52,988 - Epoch: [0][   40/  211]    Overall Loss 2.076009    Objective Loss 2.076009                                        LR 0.100000    Time 0.804990    
2024-05-13 11:54:59,046 - Epoch: [0][   50/  211]    Overall Loss 1.934813    Objective Loss 1.934813                                        LR 0.100000    Time 0.765098    
2024-05-13 11:55:05,378 - Epoch: [0][   60/  211]    Overall Loss 1.809629    Objective Loss 1.809629                                        LR 0.100000    Time 0.743126    
2024-05-13 11:55:14,678 - Epoch: [0][   70/  211]    Overall Loss 1.684102    Objective Loss 1.684102                                        LR 0.100000    Time 0.769787    
2024-05-13 11:55:21,271 - Epoch: [0][   80/  211]    Overall Loss 1.568398    Objective Loss 1.568398                                        LR 0.100000    Time 0.755973    
2024-05-13 11:55:26,805 - Epoch: [0][   90/  211]    Overall Loss 1.472792    Objective Loss 1.472792                                        LR 0.100000    Time 0.733461    
2024-05-13 11:55:32,548 - Epoch: [0][  100/  211]    Overall Loss 1.384406    Objective Loss 1.384406                                        LR 0.100000    Time 0.717544    
2024-05-13 11:55:38,302 - Epoch: [0][  110/  211]    Overall Loss 1.313016    Objective Loss 1.313016                                        LR 0.100000    Time 0.704598    
2024-05-13 11:55:44,151 - Epoch: [0][  120/  211]    Overall Loss 1.250540    Objective Loss 1.250540                                        LR 0.100000    Time 0.694612    
2024-05-13 11:55:50,268 - Epoch: [0][  130/  211]    Overall Loss 1.191245    Objective Loss 1.191245                                        LR 0.100000    Time 0.688222    
2024-05-13 11:55:56,054 - Epoch: [0][  140/  211]    Overall Loss 1.133978    Objective Loss 1.133978                                        LR 0.100000    Time 0.680385    
2024-05-13 11:55:57,814 - 
2024-05-13 11:55:57,814 - Log file for this run: C:\BChimgam\projectAI\ai8x-training\logs\2024.05.13-115420\2024.05.13-115420.log
