2024-06-13 11:49:55,786 - Log file for this run: C:\BChimgam\projectAI\ai8x-training\logs\2024.06.13-114955\2024.06.13-114955.log
2024-06-13 11:49:55,874 - => loading checkpoint C:/BChimgam/projectAI/ai8x-training/logs/2024.06.06-144451/qat_best.pth.tar
2024-06-13 11:49:55,877 - => Checkpoint contents:
+----------------------+-------------+-----------+
| Key                  | Type        | Value     |
|----------------------+-------------+-----------|
| arch                 | str         | ai85cdnet |
| compression_sched    | dict        |           |
| epoch                | int         | 98        |
| extras               | dict        |           |
| optimizer_state_dict | dict        |           |
| optimizer_type       | type        | Adam      |
| state_dict           | OrderedDict |           |
+----------------------+-------------+-----------+

2024-06-13 11:49:55,879 - => Checkpoint['extras'] contents:
+--------------+--------+---------+
| Key          | Type   |   Value |
|--------------+--------+---------|
| best_epoch   | int    |      98 |
| best_mAP     | int    |       0 |
| best_top1    | float  |     100 |
| current_mAP  | int    |       0 |
| current_top1 | float  |     100 |
+--------------+--------+---------+

2024-06-13 11:49:55,880 - Loaded compression schedule from checkpoint (epoch 98)
2024-06-13 11:49:55,889 - => loaded 'state_dict' from checkpoint 'C:/BChimgam/projectAI/ai8x-training/logs/2024.06.06-144451/qat_best.pth.tar'
2024-06-13 11:49:55,896 - Optimizer Type: <class 'torch.optim.sgd.SGD'>
2024-06-13 11:49:55,897 - Optimizer Args: {'lr': 0.1, 'momentum': 0.9, 'dampening': 0, 'weight_decay': 0.0001, 'nesterov': False}
2024-06-13 11:49:56,103 - Dataset sizes:
	test=725
2024-06-13 11:49:56,103 - --- test ---------------------
2024-06-13 11:49:56,106 - 725 samples (256 per mini-batch)
2024-06-13 11:50:21,816 - Test: [    3/    3]    Loss 2.197227    Top1 12.275862    Top5 62.344828    
2024-06-13 11:50:22,433 - ==> Top1: 12.276    Top5: 62.345    Loss: 2.197

2024-06-13 11:50:22,434 - ==> Confusion:
[[ 89   0   0   0   0   0   0   0   0]
 [ 77   0   0   0   0   0   0   0   0]
 [ 77   0   0   0   0   0   0   0   0]
 [ 97   0   0   0   0   0   0   0   0]
 [112   0   0   0   0   0   0   0   0]
 [ 10   0   0   0   0   0   0   0   0]
 [100   0   0   0   0   0   0   0   0]
 [ 79   0   0   0   0   0   0   0   0]
 [ 84   0   0   0   0   0   0   0   0]]

2024-06-13 11:50:22,439 - 
2024-06-13 11:50:22,439 - Log file for this run: C:\BChimgam\projectAI\ai8x-training\logs\2024.06.13-114955\2024.06.13-114955.log
